<?xml version="1.0" encoding="UTF-8"?>
<!-- Generated by org.testng.reporters.JUnitReportReporter -->
<testsuite hostname="LAPTOP-H9QJJESB" failures="0" tests="2" name="redbusProject.Testpages.NavigateTest" time="11.045" errors="0" timestamp="2023-11-19T22:25:05 IST" skipped="0">
  <testcase classname="redbusProject.Testpages.NavigateTest" name="clickOnAccount" time="4.231"/>
  <system-out/>
  <testcase classname="redbusProject.Testpages.NavigateTest" name="clickOncabrental" time="6.814"/>
  <system-out/>
</testsuite> <!-- redbusProject.Testpages.NavigateTest -->
