<?xml version="1.0" encoding="UTF-8"?>
<!-- Generated by org.testng.reporters.JUnitReportReporter -->
<testsuite hostname="LAPTOP-H9QJJESB" failures="0" tests="1" name="redbusProject.Testpages.BookBusTicketTest" time="5.941" errors="0" timestamp="2023-11-19T22:26:38 IST" skipped="0">
  <testcase classname="redbusProject.Testpages.BookBusTicketTest" name="SearchBus" time="5.941"/>
  <system-out/>
</testsuite> <!-- redbusProject.Testpages.BookBusTicketTest -->
