<?xml version="1.0" encoding="UTF-8"?>
<!-- Generated by org.testng.reporters.JUnitReportReporter -->
<testsuite hostname="LAPTOP-H9QJJESB" failures="0" tests="1" name="redbusProject.Testpages.AccountPageTest" time="12.366" errors="0" timestamp="2023-11-19T22:25:05 IST" skipped="0">
  <testcase classname="redbusProject.Testpages.AccountPageTest" name="clickOnSignUpPage" time="12.366"/>
  <system-out/>
</testsuite> <!-- redbusProject.Testpages.AccountPageTest -->
